#
# There is insufficient memory for the Java Runtime Environment to continue.
# Native memory allocation (mmap) failed to map 268435456 bytes for G1 virtual space
# Possible reasons:
#   The system is out of physical RAM or swap space
#   The process is running with CompressedOops enabled, and the Java Heap may be blocking the growth of the native heap
# Possible solutions:
#   Reduce memory load on the system
#   Increase physical memory or swap space
#   Check if swap backing store is full
#   Decrease Java heap size (-Xmx/-Xms)
#   Decrease number of Java threads
#   Decrease Java thread stack sizes (-Xss)
#   Set larger code cache with -XX:ReservedCodeCacheSize=
#   JVM is running with Zero Based Compressed Oops mode in which the Java heap is
#     placed in the first 32GB address space. The Java Heap base address is the
#     maximum limit for the native heap growth. Please use -XX:HeapBaseMinAddress
#     to set the Java Heap base and to place the Java Heap above 32GB virtual address.
# This output file may be truncated or incomplete.
#
#  Out of Memory Error (os_windows.cpp:3550), pid=4752, tid=16588
#
# JRE version:  (17.0.6+9) (build )
# Java VM: Java HotSpot(TM) 64-Bit Server VM (17.0.6+9-LTS-190, mixed mode, emulated-client, sharing, tiered, compressed oops, compressed class ptrs, g1 gc, windows-amd64)
# No core dump will be written. Minidumps are not enabled by default on client versions of Windows
#

---------------  S U M M A R Y ------------

Command Line: -XX:TieredStopAtLevel=1 -Dspring.output.ansi.enabled=always -Dcom.sun.management.jmxremote -Dspring.jmx.enabled=true -Dspring.liveBeansView.mbeanDomain -Dspring.application.admin.enabled=true -Dmanagement.endpoints.jmx.exposure.include=* -javaagent:C:\Program Files\JetBrains\IntelliJ IDEA 2023.1\lib\idea_rt.jar=50307:C:\Program Files\JetBrains\IntelliJ IDEA 2023.1\bin -Dfile.encoding=UTF-8 dev.caolan.godis.GodisApplication

Host: Intel(R) Core(TM) i5-4460  CPU @ 3.20GHz, 4 cores, 15G,  Windows 10 , 64 bit Build 19041 (10.0.19041.2788)
Time: Thu Apr 27 20:37:59 2023 GMT Summer Time elapsed time: 0.036435 seconds (0d 0h 0m 0s)

---------------  T H R E A D  ---------------

Current thread (0x00000278cdcb5e60):  JavaThread "Unknown thread" [_thread_in_vm, id=16588, stack(0x000000d939400000,0x000000d939500000)]

Stack: [0x000000d939400000,0x000000d939500000]
Native frames: (J=compiled Java code, j=interpreted, Vv=VM code, C=native code)
V  [jvm.dll+0x6734ea]
V  [jvm.dll+0x7d18f4]
V  [jvm.dll+0x7d309e]
V  [jvm.dll+0x7d3703]
V  [jvm.dll+0x2433c5]
V  [jvm.dll+0x6703f9]
V  [jvm.dll+0x664d32]
V  [jvm.dll+0x300086]
V  [jvm.dll+0x307606]
V  [jvm.dll+0x356c1e]
V  [jvm.dll+0x356e4f]
V  [jvm.dll+0x2d72e8]
V  [jvm.dll+0x2d8254]
V  [jvm.dll+0x7a33b1]
V  [jvm.dll+0x3647f1]
V  [jvm.dll+0x782839]
V  [jvm.dll+0x3e757f]
V  [jvm.dll+0x3e9001]
C  [jli.dll+0x5297]
C  [ucrtbase.dll+0x21bb2]
C  [KERNEL32.DLL+0x17604]
C  [ntdll.dll+0x526a1]


---------------  P R O C E S S  ---------------

Threads class SMR info:
_java_thread_list=0x00007ff9bc60e958, length=0, elements={
}

Java Threads: ( => current thread )

Other Threads:
  0x00000278cdd20b30 GCTaskThread "GC Thread#0" [stack: 0x000000d939500000,0x000000d939600000] [id=1600]
  0x00000278cdd31790 ConcurrentGCThread "G1 Main Marker" [stack: 0x000000d939600000,0x000000d939700000] [id=10072]
  0x00000278cdd32850 ConcurrentGCThread "G1 Conc#0" [stack: 0x000000d939700000,0x000000d939800000] [id=12552]

[error occurred during error reporting (printing all threads), id 0xc0000005, EXCEPTION_ACCESS_VIOLATION (0xc0000005) at pc=0x00007ff9bbe47f07]

VM state: not at safepoint (not fully initialized)

VM Mutex/Monitor currently owned by a thread:  ([mutex/lock_event])
[0x00000278cdcb0e60] Heap_lock - owner thread: 0x00000278cdcb5e60

Heap address: 0x0000000701e00000, size: 4066 MB, Compressed Oops mode: Zero based, Oop shift amount: 3

CDS archive(s) mapped at: [0x0000000000000000-0x0000000000000000-0x0000000000000000), size 0, SharedBaseAddress: 0x0000000800000000, ArchiveRelocationMode: 0.
Narrow klass base: 0x0000000000000000, Narrow klass shift: 0, Narrow klass range: 0x0

GC Precious Log:
<Empty>

Heap:
 garbage-first heap   total 0K, used 0K [0x0000000701e00000, 0x0000000800000000)
  region size 2048K, 0 young (0K), 0 survivors (0K)

[error occurred during error reporting (printing heap information), id 0xc0000005, EXCEPTION_ACCESS_VIOLATION (0xc0000005) at pc=0x00007ff9bc22c759]

GC Heap History (0 events):
No events

Deoptimization events (0 events):
No events

Classes unloaded (0 events):
No events

Classes redefined (0 events):
No events

Internal exceptions (0 events):
No events

VM Operations (0 events):
No events

Events (1 events):
Event: 0.022 Loaded shared library C:\Program Files\Java\jdk-17\bin\java.dll


Dynamic libraries:
0x00007ff6fcd90000 - 0x00007ff6fcda0000 	C:\Program Files\Java\jdk-17\bin\java.exe
0x00007ffa250b0000 - 0x00007ffa252a8000 	C:\WINDOWS\SYSTEM32\ntdll.dll
0x00007ffa24710000 - 0x00007ffa247cf000 	C:\WINDOWS\System32\KERNEL32.DLL
0x00007ffa22ad0000 - 0x00007ffa22daa000 	C:\WINDOWS\System32\KERNELBASE.dll
0x00007ffa227c0000 - 0x00007ffa228c0000 	C:\WINDOWS\System32\ucrtbase.dll
0x00007ff9fd960000 - 0x00007ff9fd97b000 	C:\Program Files\Java\jdk-17\bin\VCRUNTIME140.dll
0x00007ff9fd5c0000 - 0x00007ff9fd5d8000 	C:\Program Files\Java\jdk-17\bin\jli.dll
0x00007ffa24a20000 - 0x00007ffa24ace000 	C:\WINDOWS\System32\ADVAPI32.dll
0x00007ffa23600000 - 0x00007ffa2369e000 	C:\WINDOWS\System32\msvcrt.dll
0x00007ffa24970000 - 0x00007ffa24a0c000 	C:\WINDOWS\System32\sechost.dll
0x00007ffa247d0000 - 0x00007ffa248f6000 	C:\WINDOWS\System32\RPCRT4.dll
0x00007ffa243c0000 - 0x00007ffa2455d000 	C:\WINDOWS\System32\USER32.dll
0x00007ffa22a10000 - 0x00007ffa22a32000 	C:\WINDOWS\System32\win32u.dll
0x00007ffa24f20000 - 0x00007ffa24f4b000 	C:\WINDOWS\System32\GDI32.dll
0x00007ffa12da0000 - 0x00007ffa1303a000 	C:\WINDOWS\WinSxS\amd64_microsoft.windows.common-controls_6595b64144ccf1df_6.0.19041.1110_none_60b5254171f9507e\COMCTL32.dll
0x00007ffa22db0000 - 0x00007ffa22ec0000 	C:\WINDOWS\System32\gdi32full.dll
0x00007ffa228c0000 - 0x00007ffa2295d000 	C:\WINDOWS\System32\msvcp_win.dll
0x00007ffa18fe0000 - 0x00007ffa18fea000 	C:\WINDOWS\SYSTEM32\VERSION.dll
0x00007ffa24e10000 - 0x00007ffa24e40000 	C:\WINDOWS\System32\IMM32.DLL
0x00007ffa102d0000 - 0x00007ffa102dc000 	C:\Program Files\Java\jdk-17\bin\vcruntime140_1.dll
0x00007ff9bd180000 - 0x00007ff9bd20e000 	C:\Program Files\Java\jdk-17\bin\msvcp140.dll
0x00007ff9bbb60000 - 0x00007ff9bc737000 	C:\Program Files\Java\jdk-17\bin\server\jvm.dll
0x00007ffa24e00000 - 0x00007ffa24e08000 	C:\WINDOWS\System32\PSAPI.DLL
0x00007ffa1a410000 - 0x00007ffa1a419000 	C:\WINDOWS\SYSTEM32\WSOCK32.dll
0x00007ffa24d90000 - 0x00007ffa24dfb000 	C:\WINDOWS\System32\WS2_32.dll
0x00007ffa0f4e0000 - 0x00007ffa0f507000 	C:\WINDOWS\SYSTEM32\WINMM.dll
0x00007ffa206a0000 - 0x00007ffa206b2000 	C:\WINDOWS\SYSTEM32\kernel.appcore.dll
0x00007ffa0c9d0000 - 0x00007ffa0c9da000 	C:\Program Files\Java\jdk-17\bin\jimage.dll
0x00007ffa0fe70000 - 0x00007ffa10054000 	C:\WINDOWS\SYSTEM32\DBGHELP.DLL
0x00007ffa0fe30000 - 0x00007ffa0fe64000 	C:\WINDOWS\SYSTEM32\dbgcore.DLL
0x00007ffa22a40000 - 0x00007ffa22ac2000 	C:\WINDOWS\System32\bcryptPrimitives.dll
0x00007ffa1a470000 - 0x00007ffa1a47e000 	C:\Program Files\Java\jdk-17\bin\instrument.dll
0x00007ff9f56c0000 - 0x00007ff9f56e5000 	C:\Program Files\Java\jdk-17\bin\java.dll

dbghelp: loaded successfully - version: 4.0.5 - missing functions: none
symbol engine: initialized successfully - sym options: 0x614 - pdb path: .;C:\Program Files\Java\jdk-17\bin;C:\WINDOWS\SYSTEM32;C:\WINDOWS\WinSxS\amd64_microsoft.windows.common-controls_6595b64144ccf1df_6.0.19041.1110_none_60b5254171f9507e;C:\Program Files\Java\jdk-17\bin\server

VM Arguments:
jvm_args: -XX:TieredStopAtLevel=1 -Dspring.output.ansi.enabled=always -Dcom.sun.management.jmxremote -Dspring.jmx.enabled=true -Dspring.liveBeansView.mbeanDomain -Dspring.application.admin.enabled=true -Dmanagement.endpoints.jmx.exposure.include=* -javaagent:C:\Program Files\JetBrains\IntelliJ IDEA 2023.1\lib\idea_rt.jar=50307:C:\Program Files\JetBrains\IntelliJ IDEA 2023.1\bin -Dfile.encoding=UTF-8 
java_command: dev.caolan.godis.GodisApplication
java_class_path (initial): C:\Users\Martin\IdeaProjects\ANUApp\target\classes;C:\Users\Martin\.m2\repository\org\springframework\boot\spring-boot-starter-data-mongodb\3.0.4\spring-boot-starter-data-mongodb-3.0.4.jar;C:\Users\Martin\.m2\repository\org\springframework\boot\spring-boot-starter\3.0.4\spring-boot-starter-3.0.4.jar;C:\Users\Martin\.m2\repository\org\springframework\boot\spring-boot-starter-logging\3.0.4\spring-boot-starter-logging-3.0.4.jar;C:\Users\Martin\.m2\repository\ch\qos\logback\logback-classic\1.4.5\logback-classic-1.4.5.jar;C:\Users\Martin\.m2\repository\ch\qos\logback\logback-core\1.4.5\logback-core-1.4.5.jar;C:\Users\Martin\.m2\repository\org\apache\logging\log4j\log4j-to-slf4j\2.19.0\log4j-to-slf4j-2.19.0.jar;C:\Users\Martin\.m2\repository\org\apache\logging\log4j\log4j-api\2.19.0\log4j-api-2.19.0.jar;C:\Users\Martin\.m2\repository\org\slf4j\jul-to-slf4j\2.0.6\jul-to-slf4j-2.0.6.jar;C:\Users\Martin\.m2\repository\jakarta\annotation\jakarta.annotation-api\2.1.1\jakarta.annotation-api-2.1.1.jar;C:\Users\Martin\.m2\repository\org\yaml\snakeyaml\1.33\snakeyaml-1.33.jar;C:\Users\Martin\.m2\repository\org\mongodb\mongodb-driver-sync\4.8.2\mongodb-driver-sync-4.8.2.jar;C:\Users\Martin\.m2\repository\org\mongodb\bson\4.8.2\bson-4.8.2.jar;C:\Users\Martin\.m2\repository\org\mongodb\mongodb-driver-core\4.8.2\mongodb-driver-core-4.8.2.jar;C:\Users\Martin\.m2\repository\org\mongodb\bson-record-codec\4.8.2\bson-record-codec-4.8.2.jar;C:\Users\Martin\.m2\repository\org\springframework\data\spring-data-mongodb\4.0.3\spring-data-mongodb-4.0.3.jar;C:\Users\Martin\.m2\repository\org\springframework\spring-tx\6.0.6\spring-tx-6.0.6.jar;C:\Users\Martin\.m2\repository\org\springframework\spring-context\6.0.6\spring-context-6.0.6.jar;C:\Users\Martin\.m2\repository\org\springframework\spring-beans\6.0.6\spring-beans-6.0.6.jar;C:\Users\Martin\.m2\repository\org\springframework\spring-expression\6.0.6\spring-expression-6.0.6.jar;C:\Users\Martin\.m2\repository\org\spri
Launcher Type: SUN_STANDARD

[Global flags]
     intx CICompilerCount                          = 3                                         {product} {ergonomic}
     uint ConcGCThreads                            = 1                                         {product} {ergonomic}
     uint G1ConcRefinementThreads                  = 4                                         {product} {ergonomic}
   size_t G1HeapRegionSize                         = 2097152                                   {product} {ergonomic}
    uintx GCDrainStackTargetSize                   = 64                                        {product} {ergonomic}
   size_t InitialHeapSize                          = 268435456                                 {product} {ergonomic}
     bool ManagementServer                         = true                                      {product} {command line}
   size_t MarkStackSize                            = 4194304                                   {product} {ergonomic}
   size_t MaxHeapSize                              = 4263510016                                {product} {ergonomic}
   size_t MinHeapDeltaBytes                        = 2097152                                   {product} {ergonomic}
   size_t MinHeapSize                              = 8388608                                   {product} {ergonomic}
    uintx NonProfiledCodeHeapSize                  = 0                                      {pd product} {ergonomic}
     bool ProfileInterpreter                       = false                                  {pd product} {command line}
    uintx ProfiledCodeHeapSize                     = 0                                      {pd product} {ergonomic}
   size_t SoftMaxHeapSize                          = 4263510016                             {manageable} {ergonomic}
     intx TieredStopAtLevel                        = 1                                         {product} {command line}
     bool UseCompressedClassPointers               = true                           {product lp64_product} {ergonomic}
     bool UseCompressedOops                        = true                           {product lp64_product} {ergonomic}
     bool UseG1GC                                  = true                                      {product} {ergonomic}
     bool UseLargePagesIndividualAllocation        = false                                  {pd product} {ergonomic}

Logging:
Log output configuration:
 #0: stdout all=warning uptime,level,tags
 #1: stderr all=off uptime,level,tags

Environment Variables:
PATH=C:\Program Files\Common Files\Oracle\Java\javapath;C:\WINDOWS\system32;C:\WINDOWS;C:\WINDOWS\System32\Wbem;C:\WINDOWS\System32\WindowsPowerShell\v1.0\;C:\WINDOWS\System32\OpenSSH\;C:\Program Files\Git\cmd;C:\Program Files\nodejs\;C:\Program Files\Amazon\AWSCLIV2\;C:\Users\Martin\AppData\Local\Microsoft\WindowsApps;;C:\Users\Martin\AppData\Local\Programs\Microsoft VS Code\bin;C:\Users\Martin\AppData\Roaming\npm
USERNAME=Martin
OS=Windows_NT
PROCESSOR_IDENTIFIER=Intel64 Family 6 Model 60 Stepping 3, GenuineIntel



---------------  S Y S T E M  ---------------

OS:
 Windows 10 , 64 bit Build 19041 (10.0.19041.2788)
OS uptime: 5 days 8:14 hours

CPU: total 4 (initial active 4) (4 cores per cpu, 1 threads per core) family 6 model 60 stepping 3 microcode 0x27, cx8, cmov, fxsr, mmx, sse, sse2, sse3, ssse3, sse4.1, sse4.2, popcnt, lzcnt, tsc, tscinvbit, avx, avx2, aes, erms, clmul, bmi1, bmi2, fma, vzeroupper, clflush

Memory: 4k page, system-wide physical 16263M (2906M free)
TotalPageFile size 19594M (AvailPageFile size 143M)
current process WorkingSet (physical memory assigned to process): 10M, peak: 10M
current process commit charge ("private bytes"): 47M, peak: 302M

vm_info: Java HotSpot(TM) 64-Bit Server VM (17.0.6+9-LTS-190) for windows-amd64 JRE (17.0.6+9-LTS-190), built on Dec  6 2022 15:53:54 by "mach5one" with MS VC++ 17.1 (VS2022)

END.
